# JRE version: OpenJDK Runtime Environment Temurin-17.0.7+7 (17.0.7+7) (build 17.0.7+7)
# Java VM: OpenJDK 64-Bit Server VM Temurin-17.0.7+7 (17.0.7+7, mixed mode, tiered, compressed oops, compressed class ptrs, parallel gc, bsd-amd64)
GC Precious Log:
 CPUs: 4 total, 4 available
 Memory: 12288M
 Large Page Support: Disabled
 NUMA Support: Disabled
 Compressed Oops: Enabled (Zero based)
 Alignments: Space 512K, Generation 512K, Heap 2M
 Heap Min Capacity: 100M
 Heap Initial Capacity: 100M
 Heap Max Capacity: 1G
 Pre-touch: Disabled
 Parallel Workers: 4
Heap:
 PSYoungGen      total 31232K, used 6080K [0x00000007eab00000, 0x00000007ed180000, 0x0000000800000000)
  eden space 25088K, 0% used [0x00000007eab00000,0x00000007eab00000,0x00000007ec380000)
  from space 6144K, 98% used [0x00000007ec380000,0x00000007ec970000,0x00000007ec980000)
  to   space 6656K, 0% used [0x00000007ecb00000,0x00000007ecb00000,0x00000007ed180000)
 ParOldGen       total 544768K, used 542666K [0x00000007c0000000, 0x00000007e1400000, 0x00000007eab00000)
  object space 544768K, 99% used [0x00000007c0000000,0x00000007e11f2ba8,0x00000007e1400000)
 Metaspace       used 112541K, committed 113856K, reserved 1179648K
  class space    used 11231K, committed 11840K, reserved 1048576K
GC Heap History (20 events):
Event: 462638.186 GC heap after
{Heap after GC invocations=16078 (full 420):
 PSYoungGen      total 27648K, used 8304K [0x00000007eab00000, 0x00000007ed280000, 0x0000000800000000)
  eden space 18944K, 0% used [0x00000007eab00000,0x00000007eab00000,0x00000007ebd80000)
  from space 8704K, 95% used [0x00000007eca00000,0x00000007ed21c000,0x00000007ed280000)
  to   space 10240K, 0% used [0x00000007ebe80000,0x00000007ebe80000,0x00000007ec880000)
 ParOldGen       total 544768K, used 495956K [0x00000007c0000000, 0x00000007e1400000, 0x00000007eab00000)
  object space 544768K, 91% used [0x00000007c0000000,0x00000007de4551c0,0x00000007e1400000)
 Metaspace       used 112538K, committed 113856K, reserved 1179648K
  class space    used 11231K, committed 11840K, reserved 1048576K
}
Event: 462638.249 GC heap before
{Heap before GC invocations=16079 (full 420):
 PSYoungGen      total 27648K, used 27248K [0x00000007eab00000, 0x00000007ed280000, 0x0000000800000000)
  eden space 18944K, 100% used [0x00000007eab00000,0x00000007ebd80000,0x00000007ebd80000)
  from space 8704K, 95% used [0x00000007eca00000,0x00000007ed21c000,0x00000007ed280000)
  to   space 10240K, 0% used [0x00000007ebe80000,0x00000007ebe80000,0x00000007ec880000)
 ParOldGen       total 544768K, used 495956K [0x00000007c0000000, 0x00000007e1400000, 0x00000007eab00000)
  object space 544768K, 91% used [0x00000007c0000000,0x00000007de4551c0,0x00000007e1400000)
 Metaspace       used 112538K, committed 113856K, reserved 1179648K
  class space    used 11231K, committed 11840K, reserved 1048576K
}
Event: 462638.268 GC heap after
{Heap after GC invocations=16079 (full 420):
 PSYoungGen      total 25088K, used 4736K [0x00000007eab00000, 0x00000007ecd00000, 0x0000000800000000)
  eden space 19968K, 0% used [0x00000007eab00000,0x00000007eab00000,0x00000007ebe80000)
  from space 5120K, 92% used [0x00000007ebe80000,0x00000007ec320000,0x00000007ec380000)
  to   space 6656K, 0% used [0x00000007ec680000,0x00000007ec680000,0x00000007ecd00000)
 ParOldGen       total 544768K, used 504292K [0x00000007c0000000, 0x00000007e1400000, 0x00000007eab00000)
  object space 544768K, 92% used [0x00000007c0000000,0x00000007dec792d0,0x00000007e1400000)
 Metaspace       used 112538K, committed 113856K, reserved 1179648K
  class space    used 11231K, committed 11840K, reserved 1048576K
}
Event: 462638.332 GC heap before
{Heap before GC invocations=16080 (full 420):
 PSYoungGen      total 25088K, used 24704K [0x00000007eab00000, 0x00000007ecd00000, 0x0000000800000000)
  eden space 19968K, 100% used [0x00000007eab00000,0x00000007ebe80000,0x00000007ebe80000)
  from space 5120K, 92% used [0x00000007ebe80000,0x00000007ec320000,0x00000007ec380000)
  to   space 6656K, 0% used [0x00000007ec680000,0x00000007ec680000,0x00000007ecd00000)
 ParOldGen       total 544768K, used 504292K [0x00000007c0000000, 0x00000007e1400000, 0x00000007eab00000)
  object space 544768K, 92% used [0x00000007c0000000,0x00000007dec792d0,0x00000007e1400000)
 Metaspace       used 112541K, committed 113856K, reserved 1179648K
  class space    used 11231K, committed 11840K, reserved 1048576K
}
Event: 462638.347 GC heap after
{Heap after GC invocations=16080 (full 420):
 PSYoungGen      total 27648K, used 4704K [0x00000007eab00000, 0x00000007ecb80000, 0x0000000800000000)
  eden space 22528K, 0% used [0x00000007eab00000,0x00000007eab00000,0x00000007ec100000)
  from space 5120K, 91% used [0x00000007ec680000,0x00000007ecb18000,0x00000007ecb80000)
  to   space 5120K, 0% used [0x00000007ec180000,0x00000007ec180000,0x00000007ec680000)
 ParOldGen       total 544768K, used 509004K [0x00000007c0000000, 0x00000007e1400000, 0x00000007eab00000)
  object space 544768K, 93% used [0x00000007c0000000,0x00000007df113190,0x00000007e1400000)
 Metaspace       used 112541K, committed 113856K, reserved 1179648K
  class space    used 11231K, committed 11840K, reserved 1048576K
}
Event: 462638.436 GC heap before
{Heap before GC invocations=16081 (full 420):
 PSYoungGen      total 27648K, used 27232K [0x00000007eab00000, 0x00000007ecb80000, 0x0000000800000000)
  eden space 22528K, 100% used [0x00000007eab00000,0x00000007ec100000,0x00000007ec100000)
  from space 5120K, 91% used [0x00000007ec680000,0x00000007ecb18000,0x00000007ecb80000)
  to   space 5120K, 0% used [0x00000007ec180000,0x00000007ec180000,0x00000007ec680000)
 ParOldGen       total 544768K, used 509004K [0x00000007c0000000, 0x00000007e1400000, 0x00000007eab00000)
  object space 544768K, 93% used [0x00000007c0000000,0x00000007df113190,0x00000007e1400000)
 Metaspace       used 112541K, committed 113856K, reserved 1179648K
  class space    used 11231K, committed 11840K, reserved 1048576K
}
Event: 462638.453 GC heap after
{Heap after GC invocations=16081 (full 420):
 PSYoungGen      total 28160K, used 5117K [0x00000007eab00000, 0x00000007ed880000, 0x0000000800000000)
  eden space 23040K, 0% used [0x00000007eab00000,0x00000007eab00000,0x00000007ec180000)
  from space 5120K, 99% used [0x00000007ec180000,0x00000007ec67f7a8,0x00000007ec680000)
  to   space 10752K, 0% used [0x00000007ece00000,0x00000007ece00000,0x00000007ed880000)
 ParOldGen       total 544768K, used 513360K [0x00000007c0000000, 0x00000007e1400000, 0x00000007eab00000)
  object space 544768K, 94% used [0x00000007c0000000,0x00000007df5541d8,0x00000007e1400000)
 Metaspace       used 112541K, committed 113856K, reserved 1179648K
  class space    used 11231K, committed 11840K, reserved 1048576K
}
Event: 462638.526 GC heap before
{Heap before GC invocations=16082 (full 420):
 PSYoungGen      total 28160K, used 28157K [0x00000007eab00000, 0x00000007ed880000, 0x0000000800000000)
  eden space 23040K, 100% used [0x00000007eab00000,0x00000007ec180000,0x00000007ec180000)
  from space 5120K, 99% used [0x00000007ec180000,0x00000007ec67f7a8,0x00000007ec680000)
  to   space 10752K, 0% used [0x00000007ece00000,0x00000007ece00000,0x00000007ed880000)
 ParOldGen       total 544768K, used 513360K [0x00000007c0000000, 0x00000007e1400000, 0x00000007eab00000)
  object space 544768K, 94% used [0x00000007c0000000,0x00000007df5541d8,0x00000007e1400000)
 Metaspace       used 112541K, committed 113856K, reserved 1179648K
  class space    used 11231K, committed 11840K, reserved 1048576K
}
Event: 462638.541 GC heap after
{Heap after GC invocations=16082 (full 420):
 PSYoungGen      total 32768K, used 6679K [0x00000007eab00000, 0x00000007ed500000, 0x0000000800000000)
  eden space 25600K, 0% used [0x00000007eab00000,0x00000007eab00000,0x00000007ec400000)
  from space 7168K, 93% used [0x00000007ece00000,0x00000007ed485f08,0x00000007ed500000)
  to   space 7680K, 0% used [0x00000007ec600000,0x00000007ec600000,0x00000007ecd80000)
 ParOldGen       total 544768K, used 518423K [0x00000007c0000000, 0x00000007e1400000, 0x00000007eab00000)
  object space 544768K, 95% used [0x00000007c0000000,0x00000007dfa45c88,0x00000007e1400000)
 Metaspace       used 112541K, committed 113856K, reserved 1179648K
  class space    used 11231K, committed 11840K, reserved 1048576K
}
Event: 462638.632 GC heap before
{Heap before GC invocations=16083 (full 420):
 PSYoungGen      total 32768K, used 32279K [0x00000007eab00000, 0x00000007ed500000, 0x0000000800000000)
  eden space 25600K, 100% used [0x00000007eab00000,0x00000007ec400000,0x00000007ec400000)
  from space 7168K, 93% used [0x00000007ece00000,0x00000007ed485f08,0x00000007ed500000)
  to   space 7680K, 0% used [0x00000007ec600000,0x00000007ec600000,0x00000007ecd80000)
 ParOldGen       total 544768K, used 518423K [0x00000007c0000000, 0x00000007e1400000, 0x00000007eab00000)
  object space 544768K, 95% used [0x00000007c0000000,0x00000007dfa45c88,0x00000007e1400000)
 Metaspace       used 112541K, committed 113856K, reserved 1179648K
  class space    used 11231K, committed 11840K, reserved 1048576K
}
Event: 462638.646 GC heap after
{Heap after GC invocations=16083 (full 420):
 PSYoungGen      total 33280K, used 5472K [0x00000007eab00000, 0x00000007ed300000, 0x0000000800000000)
  eden space 27648K, 0% used [0x00000007eab00000,0x00000007eab00000,0x00000007ec600000)
  from space 5632K, 97% used [0x00000007ec600000,0x00000007ecb58000,0x00000007ecb80000)
  to   space 6144K, 0% used [0x00000007ecd00000,0x00000007ecd00000,0x00000007ed300000)
 ParOldGen       total 544768K, used 521909K [0x00000007c0000000, 0x00000007e1400000, 0x00000007eab00000)
  object space 544768K, 95% used [0x00000007c0000000,0x00000007dfdad400,0x00000007e1400000)
 Metaspace       used 112541K, committed 113856K, reserved 1179648K
  class space    used 11231K, committed 11840K, reserved 1048576K
}
Event: 462638.734 GC heap before
{Heap before GC invocations=16084 (full 420):
 PSYoungGen      total 33280K, used 33120K [0x00000007eab00000, 0x00000007ed300000, 0x0000000800000000)
  eden space 27648K, 100% used [0x00000007eab00000,0x00000007ec600000,0x00000007ec600000)
  from space 5632K, 97% used [0x00000007ec600000,0x00000007ecb58000,0x00000007ecb80000)
  to   space 6144K, 0% used [0x00000007ecd00000,0x00000007ecd00000,0x00000007ed300000)
 ParOldGen       total 544768K, used 521909K [0x00000007c0000000, 0x00000007e1400000, 0x00000007eab00000)
  object space 544768K, 95% used [0x00000007c0000000,0x00000007dfdad400,0x00000007e1400000)
 Metaspace       used 112541K, committed 113856K, reserved 1179648K
  class space    used 11231K, committed 11840K, reserved 1048576K
}
Event: 462638.759 GC heap after
{Heap after GC invocations=16084 (full 420):
 PSYoungGen      total 27136K, used 6144K [0x00000007eab00000, 0x00000007ee400000, 0x0000000800000000)
  eden space 20992K, 0% used [0x00000007eab00000,0x00000007eab00000,0x00000007ebf80000)
  from space 6144K, 100% used [0x00000007ecd00000,0x00000007ed300000,0x00000007ed300000)
  to   space 13824K, 0% used [0x00000007ebf80000,0x00000007ebf80000,0x00000007ecd00000)
 ParOldGen       total 544768K, used 528149K [0x00000007c0000000, 0x00000007e1400000, 0x00000007eab00000)
  object space 544768K, 96% used [0x00000007c0000000,0x00000007e03c57a8,0x00000007e1400000)
 Metaspace       used 112541K, committed 113856K, reserved 1179648K
  class space    used 11231K, committed 11840K, reserved 1048576K
}
Event: 462638.859 GC heap before
{Heap before GC invocations=16085 (full 420):
 PSYoungGen      total 27136K, used 27136K [0x00000007eab00000, 0x00000007ee400000, 0x0000000800000000)
  eden space 20992K, 100% used [0x00000007eab00000,0x00000007ebf80000,0x00000007ebf80000)
  from space 6144K, 100% used [0x00000007ecd00000,0x00000007ed300000,0x00000007ed300000)
  to   space 13824K, 0% used [0x00000007ebf80000,0x00000007ebf80000,0x00000007ecd00000)
 ParOldGen       total 544768K, used 528149K [0x00000007c0000000, 0x00000007e1400000, 0x00000007eab00000)
  object space 544768K, 96% used [0x00000007c0000000,0x00000007e03c57a8,0x00000007e1400000)
 Metaspace       used 112541K, committed 113856K, reserved 1179648K
  class space    used 11231K, committed 11840K, reserved 1048576K
}
Event: 462638.880 GC heap after
{Heap after GC invocations=16085 (full 420):
 PSYoungGen      total 26624K, used 5568K [0x00000007eab00000, 0x00000007ed200000, 0x0000000800000000)
  eden space 20992K, 0% used [0x00000007eab00000,0x00000007eab00000,0x00000007ebf80000)
  from space 5632K, 98% used [0x00000007ebf80000,0x00000007ec4f0000,0x00000007ec500000)
  to   space 8192K, 0% used [0x00000007eca00000,0x00000007eca00000,0x00000007ed200000)
 ParOldGen       total 544768K, used 534300K [0x00000007c0000000, 0x00000007e1400000, 0x00000007eab00000)
  object space 544768K, 98% used [0x00000007c0000000,0x00000007e09c7028,0x00000007e1400000)
 Metaspace       used 112541K, committed 113856K, reserved 1179648K
  class space    used 11231K, committed 11840K, reserved 1048576K
}
Event: 462639.022 GC heap before
{Heap before GC invocations=16086 (full 420):
 PSYoungGen      total 26624K, used 26560K [0x00000007eab00000, 0x00000007ed200000, 0x0000000800000000)
  eden space 20992K, 100% used [0x00000007eab00000,0x00000007ebf80000,0x00000007ebf80000)
  from space 5632K, 98% used [0x00000007ebf80000,0x00000007ec4f0000,0x00000007ec500000)
  to   space 8192K, 0% used [0x00000007eca00000,0x00000007eca00000,0x00000007ed200000)
 ParOldGen       total 544768K, used 534300K [0x00000007c0000000, 0x00000007e1400000, 0x00000007eab00000)
  object space 544768K, 98% used [0x00000007c0000000,0x00000007e09c7028,0x00000007e1400000)
 Metaspace       used 112541K, committed 113856K, reserved 1179648K
  class space    used 11231K, committed 11840K, reserved 1048576K
}
Event: 462639.044 GC heap after
{Heap after GC invocations=16086 (full 420):
 PSYoungGen      total 29184K, used 5376K [0x00000007eab00000, 0x00000007ecf80000, 0x0000000800000000)
  eden space 23552K, 0% used [0x00000007eab00000,0x00000007eab00000,0x00000007ec200000)
  from space 5632K, 95% used [0x00000007eca00000,0x00000007ecf40000,0x00000007ecf80000)
  to   space 6144K, 0% used [0x00000007ec380000,0x00000007ec380000,0x00000007ec980000)
 ParOldGen       total 544768K, used 537277K [0x00000007c0000000, 0x00000007e1400000, 0x00000007eab00000)
  object space 544768K, 98% used [0x00000007c0000000,0x00000007e0caf718,0x00000007e1400000)
 Metaspace       used 112541K, committed 113856K, reserved 1179648K
  class space    used 11231K, committed 11840K, reserved 1048576K
}
Event: 462639.199 GC heap before
{Heap before GC invocations=16087 (full 420):
 PSYoungGen      total 29184K, used 28928K [0x00000007eab00000, 0x00000007ecf80000, 0x0000000800000000)
  eden space 23552K, 100% used [0x00000007eab00000,0x00000007ec200000,0x00000007ec200000)
  from space 5632K, 95% used [0x00000007eca00000,0x00000007ecf40000,0x00000007ecf80000)
  to   space 6144K, 0% used [0x00000007ec380000,0x00000007ec380000,0x00000007ec980000)
 ParOldGen       total 544768K, used 537277K [0x00000007c0000000, 0x00000007e1400000, 0x00000007eab00000)
  object space 544768K, 98% used [0x00000007c0000000,0x00000007e0caf718,0x00000007e1400000)
 Metaspace       used 112541K, committed 113856K, reserved 1179648K
  class space    used 11231K, committed 11840K, reserved 1048576K
}
Event: 462639.217 GC heap after
{Heap after GC invocations=16087 (full 420):
 PSYoungGen      total 31232K, used 6080K [0x00000007eab00000, 0x00000007ed180000, 0x0000000800000000)
  eden space 25088K, 0% used [0x00000007eab00000,0x00000007eab00000,0x00000007ec380000)
  from space 6144K, 98% used [0x00000007ec380000,0x00000007ec970000,0x00000007ec980000)
  to   space 6656K, 0% used [0x00000007ecb00000,0x00000007ecb00000,0x00000007ed180000)
 ParOldGen       total 544768K, used 542666K [0x00000007c0000000, 0x00000007e1400000, 0x00000007eab00000)
  object space 544768K, 99% used [0x00000007c0000000,0x00000007e11f2ba8,0x00000007e1400000)
 Metaspace       used 112541K, committed 113856K, reserved 1179648K
  class space    used 11231K, committed 11840K, reserved 1048576K
}
Event: 462639.217 GC heap before
{Heap before GC invocations=16088 (full 421):
 PSYoungGen      total 31232K, used 6080K [0x00000007eab00000, 0x00000007ed180000, 0x0000000800000000)
  eden space 25088K, 0% used [0x00000007eab00000,0x00000007eab00000,0x00000007ec380000)
  from space 6144K, 98% used [0x00000007ec380000,0x00000007ec970000,0x00000007ec980000)
  to   space 6656K, 0% used [0x00000007ecb00000,0x00000007ecb00000,0x00000007ed180000)
 ParOldGen       total 544768K, used 542666K [0x00000007c0000000, 0x00000007e1400000, 0x00000007eab00000)
  object space 544768K, 99% used [0x00000007c0000000,0x00000007e11f2ba8,0x00000007e1400000)
 Metaspace       used 112541K, committed 113856K, reserved 1179648K
  class space    used 11231K, committed 11840K, reserved 1048576K
}

